Using pre-set license
Built from '2020.3/staging' branch; Version is '2020.3.11f1 (99c7afb366b3) revision 10078127'; Using compiler version '192528614'; Build Type 'Release'
OS: 'Windows 10 Pro; OS build 17763.1577; Version 1809; 64bit' Language: 'pt' Physical Memory: 16345 MB
BatchMode: 1, IsHumanControllingUs: 0, StartBugReporterOnCrash: 0, Is64bit: 1, IsPro: 0

 COMMAND LINE ARGUMENTS:
C:\Users\MICRO\OneDrive\Documentos\2020.3.11f1\Editor\Unity.exe
-adb2
-batchMode
-noUpm
-name
AssetImportWorker0
-projectPath
C:/UnityProjects/Calculator
-logFile
Logs/AssetImportWorker0.log
-srvPort
59017
Successfully changed project path to: C:/UnityProjects/Calculator
C:/UnityProjects/Calculator
Using Asset Import Pipeline V2.
Refreshing native plugins compatible for Editor in 46.13 ms, found 2 plugins.
Preloading 0 native plugins for Editor in 0.00 ms.
Initialize engine version: 2020.3.11f1 (99c7afb366b3)
[Subsystems] Discovering subsystems at path C:/Users/MICRO/OneDrive/Documentos/2020.3.11f1/Editor/Data/Resources/UnitySubsystems
[Subsystems] Discovering subsystems at path C:/UnityProjects/Calculator/Assets
GfxDevice: creating device client; threaded=0
Direct3D:
    Version:  Direct3D 11.0 [level 11.1]
    Renderer: Radeon 550 Series (ID=0x699f)
    Vendor:   
    VRAM:     1994 MB
    Driver:   26.20.12028.2
Initialize mono
Mono path[0] = 'C:/Users/MICRO/OneDrive/Documentos/2020.3.11f1/Editor/Data/Managed'
Mono path[1] = 'C:/Users/MICRO/OneDrive/Documentos/2020.3.11f1/Editor/Data/MonoBleedingEdge/lib/mono/unityjit'
Mono config path = 'C:/Users/MICRO/OneDrive/Documentos/2020.3.11f1/Editor/Data/MonoBleedingEdge/etc'
Using monoOptions --debugger-agent=transport=dt_socket,embedding=1,server=y,suspend=n,address=127.0.0.1:56096
Begin MonoManager ReloadAssembly
Registering precompiled unity dll's ...
Register platform support module: C:/Users/MICRO/OneDrive/Documentos/2020.3.11f1/Editor/Data/PlaybackEngines/WebGLSupport/UnityEditor.WebGL.Extensions.dll
Register platform support module: C:/Users/MICRO/OneDrive/Documentos/2020.3.11f1/Editor/Data/PlaybackEngines/WindowsStandaloneSupport/UnityEditor.WindowsStandalone.Extensions.dll
Registered in 0.003038 seconds.
Native extension for WindowsStandalone target not found
Native extension for WebGL target not found
Refreshing native plugins compatible for Editor in 42.21 ms, found 2 plugins.
Preloading 0 native plugins for Editor in 0.00 ms.
Mono: successfully reloaded assembly
- Completed reload, in  5.004 seconds
Platform modules already initialized, skipping
Registering precompiled user dll's ...
Registered in 0.005007 seconds.
Begin MonoManager ReloadAssembly
Native extension for WindowsStandalone target not found
Native extension for WebGL target not found
Refreshing native plugins compatible for Editor in 0.58 ms, found 2 plugins.
Preloading 0 native plugins for Editor in 0.00 ms.
Mono: successfully reloaded assembly
- Completed reload, in  1.391 seconds
Platform modules already initialized, skipping
========================================================================
Worker process is ready to serve import requests
Launched and connected shader compiler UnityShaderCompiler.exe after 0.04 seconds
Refreshing native plugins compatible for Editor in 0.46 ms, found 2 plugins.
Preloading 0 native plugins for Editor in 0.00 ms.
Unloading 1441 Unused Serialized files (Serialized files now loaded: 0)
System memory in use before: 68.4 MB.
System memory in use after: 68.4 MB.

Unloading 19 unused Assets to reduce memory usage. Loaded Objects now: 1874.
Total: 2.267700 ms (FindLiveObjects: 0.154600 ms CreateObjectMapping: 0.061500 ms MarkObjects: 1.930800 ms  DeleteObjects: 0.119300 ms)

========================================================================
Received Import Request.
  path: Assets/Scripts/OperationResult.cs
  artifactKey: Guid(8a4983b20406e2d439be16f8b737ebee) Importer(815301076,1909f56bfc062723c751e8b465ee728b)
Start importing Assets/Scripts/OperationResult.cs using Guid(8a4983b20406e2d439be16f8b737ebee) Importer(815301076,1909f56bfc062723c751e8b465ee728b)  -> (artifact id: 'f8a3dce573d530f8048b439e09e2ebcf') in 0.034779 seconds
  Import took 0.037441 seconds .

========================================================================
Received Prepare
Refreshing native plugins compatible for Editor in 3.76 ms, found 2 plugins.
Preloading 0 native plugins for Editor in 0.00 ms.
Unloading 12 Unused Serialized files (Serialized files now loaded: 0)
System memory in use before: 38.9 MB.
System memory in use after: 38.9 MB.

Unloading 12 unused Assets to reduce memory usage. Loaded Objects now: 1874.
Total: 2.466200 ms (FindLiveObjects: 0.170900 ms CreateObjectMapping: 0.066200 ms MarkObjects: 2.151200 ms  DeleteObjects: 0.076200 ms)

AssetImportWorkerClient::OnTransportError - code=2 error=End of file
