Using pre-set license
Built from '2020.3/staging' branch; Version is '2020.3.11f1 (99c7afb366b3) revision 10078127'; Using compiler version '192528614'; Build Type 'Release'
OS: 'Windows 10 Pro; OS build 17763.1577; Version 1809; 64bit' Language: 'pt' Physical Memory: 16345 MB
BatchMode: 1, IsHumanControllingUs: 0, StartBugReporterOnCrash: 0, Is64bit: 1, IsPro: 0

 COMMAND LINE ARGUMENTS:
C:\Users\MICRO\OneDrive\Documentos\2020.3.11f1\Editor\Unity.exe
-adb2
-batchMode
-noUpm
-name
AssetImportWorker0
-projectPath
C:/UnityProjects/Calculator
-logFile
Logs/AssetImportWorker0.log
-srvPort
55524
Successfully changed project path to: C:/UnityProjects/Calculator
C:/UnityProjects/Calculator
Using Asset Import Pipeline V2.
Refreshing native plugins compatible for Editor in 46.41 ms, found 2 plugins.
Preloading 0 native plugins for Editor in 0.00 ms.
Initialize engine version: 2020.3.11f1 (99c7afb366b3)
[Subsystems] Discovering subsystems at path C:/Users/MICRO/OneDrive/Documentos/2020.3.11f1/Editor/Data/Resources/UnitySubsystems
[Subsystems] Discovering subsystems at path C:/UnityProjects/Calculator/Assets
GfxDevice: creating device client; threaded=0
Direct3D:
    Version:  Direct3D 11.0 [level 11.1]
    Renderer: Radeon 550 Series (ID=0x699f)
    Vendor:   
    VRAM:     1994 MB
    Driver:   26.20.12028.2
Initialize mono
Mono path[0] = 'C:/Users/MICRO/OneDrive/Documentos/2020.3.11f1/Editor/Data/Managed'
Mono path[1] = 'C:/Users/MICRO/OneDrive/Documentos/2020.3.11f1/Editor/Data/MonoBleedingEdge/lib/mono/unityjit'
Mono config path = 'C:/Users/MICRO/OneDrive/Documentos/2020.3.11f1/Editor/Data/MonoBleedingEdge/etc'
Using monoOptions --debugger-agent=transport=dt_socket,embedding=1,server=y,suspend=n,address=127.0.0.1:56576
Begin MonoManager ReloadAssembly
Registering precompiled unity dll's ...
Register platform support module: C:/Users/MICRO/OneDrive/Documentos/2020.3.11f1/Editor/Data/PlaybackEngines/WebGLSupport/UnityEditor.WebGL.Extensions.dll
Register platform support module: C:/Users/MICRO/OneDrive/Documentos/2020.3.11f1/Editor/Data/PlaybackEngines/WindowsStandaloneSupport/UnityEditor.WindowsStandalone.Extensions.dll
Registered in 0.003069 seconds.
Native extension for WindowsStandalone target not found
Native extension for WebGL target not found
Refreshing native plugins compatible for Editor in 41.00 ms, found 2 plugins.
Preloading 0 native plugins for Editor in 0.00 ms.
Mono: successfully reloaded assembly
- Completed reload, in  5.366 seconds
Platform modules already initialized, skipping
Registering precompiled user dll's ...
Registered in 0.004548 seconds.
Begin MonoManager ReloadAssembly
Native extension for WindowsStandalone target not found
Native extension for WebGL target not found
Refreshing native plugins compatible for Editor in 0.43 ms, found 2 plugins.
Preloading 0 native plugins for Editor in 0.00 ms.
Mono: successfully reloaded assembly
- Completed reload, in  1.349 seconds
Platform modules already initialized, skipping
========================================================================
Worker process is ready to serve import requests
Launched and connected shader compiler UnityShaderCompiler.exe after 0.04 seconds
Refreshing native plugins compatible for Editor in 0.43 ms, found 2 plugins.
Preloading 0 native plugins for Editor in 0.00 ms.
Unloading 1441 Unused Serialized files (Serialized files now loaded: 0)
System memory in use before: 68.4 MB.
System memory in use after: 68.4 MB.

Unloading 19 unused Assets to reduce memory usage. Loaded Objects now: 1874.
Total: 2.209000 ms (FindLiveObjects: 0.157300 ms CreateObjectMapping: 0.064000 ms MarkObjects: 1.864300 ms  DeleteObjects: 0.121600 ms)

========================================================================
Received Import Request.
  path: Assets/Scripts/InsertValues.cs
  artifactKey: Guid(20ad627686f1af1409ef80b4201b893e) Importer(815301076,1909f56bfc062723c751e8b465ee728b)
Start importing Assets/Scripts/InsertValues.cs using Guid(20ad627686f1af1409ef80b4201b893e) Importer(815301076,1909f56bfc062723c751e8b465ee728b)  -> (artifact id: '9f02007ec2304f9c1f9ca1f39ed91ae5') in 0.025777 seconds
  Import took 0.043692 seconds .

========================================================================
Received Prepare
Registering precompiled user dll's ...
Registered in 0.004502 seconds.
Begin MonoManager ReloadAssembly
Native extension for WindowsStandalone target not found
Native extension for WebGL target not found
Refreshing native plugins compatible for Editor in 0.44 ms, found 2 plugins.
Preloading 0 native plugins for Editor in 0.00 ms.
Mono: successfully reloaded assembly
- Completed reload, in  1.282 seconds
Platform modules already initialized, skipping
Refreshing native plugins compatible for Editor in 0.42 ms, found 2 plugins.
Preloading 0 native plugins for Editor in 0.00 ms.
Unloading 1422 Unused Serialized files (Serialized files now loaded: 0)
System memory in use before: 66.9 MB.
System memory in use after: 67.0 MB.

Unloading 14 unused Assets to reduce memory usage. Loaded Objects now: 1877.
Total: 2.227000 ms (FindLiveObjects: 0.144700 ms CreateObjectMapping: 0.060600 ms MarkObjects: 1.931500 ms  DeleteObjects: 0.088900 ms)

========================================================================
Received Import Request.
  Time since last request: 35.063093 seconds.
  path: Assets/Scripts/InsertValues.cs
  artifactKey: Guid(20ad627686f1af1409ef80b4201b893e) Importer(815301076,1909f56bfc062723c751e8b465ee728b)
Start importing Assets/Scripts/InsertValues.cs using Guid(20ad627686f1af1409ef80b4201b893e) Importer(815301076,1909f56bfc062723c751e8b465ee728b)  -> (artifact id: '905279162a212ad650c0ae127db73e00') in 0.005127 seconds
  Import took 0.007635 seconds .

========================================================================
Received Prepare
Registering precompiled user dll's ...
Registered in 0.004610 seconds.
Begin MonoManager ReloadAssembly
Native extension for WindowsStandalone target not found
Native extension for WebGL target not found
Refreshing native plugins compatible for Editor in 0.45 ms, found 2 plugins.
Preloading 0 native plugins for Editor in 0.00 ms.
Mono: successfully reloaded assembly
- Completed reload, in  1.179 seconds
Platform modules already initialized, skipping
Refreshing native plugins compatible for Editor in 0.46 ms, found 2 plugins.
Preloading 0 native plugins for Editor in 0.00 ms.
Unloading 1422 Unused Serialized files (Serialized files now loaded: 0)
System memory in use before: 67.0 MB.
System memory in use after: 67.1 MB.

Unloading 14 unused Assets to reduce memory usage. Loaded Objects now: 1880.
Total: 2.301500 ms (FindLiveObjects: 0.163800 ms CreateObjectMapping: 0.060700 ms MarkObjects: 1.994800 ms  DeleteObjects: 0.080700 ms)

========================================================================
Received Prepare
Registering precompiled user dll's ...
Registered in 0.004337 seconds.
Begin MonoManager ReloadAssembly
Native extension for WindowsStandalone target not found
Native extension for WebGL target not found
Refreshing native plugins compatible for Editor in 0.44 ms, found 2 plugins.
Preloading 0 native plugins for Editor in 0.00 ms.
Mono: successfully reloaded assembly
- Completed reload, in  1.238 seconds
Platform modules already initialized, skipping
Refreshing native plugins compatible for Editor in 0.43 ms, found 2 plugins.
Preloading 0 native plugins for Editor in 0.00 ms.
Unloading 1422 Unused Serialized files (Serialized files now loaded: 0)
System memory in use before: 67.0 MB.
System memory in use after: 67.1 MB.

Unloading 14 unused Assets to reduce memory usage. Loaded Objects now: 1883.
Total: 2.329100 ms (FindLiveObjects: 0.263600 ms CreateObjectMapping: 0.074900 ms MarkObjects: 1.904800 ms  DeleteObjects: 0.084300 ms)

========================================================================
Received Import Request.
  Time since last request: 73.927288 seconds.
  path: Assets/Scripts/InsertValues.cs
  artifactKey: Guid(20ad627686f1af1409ef80b4201b893e) Importer(815301076,1909f56bfc062723c751e8b465ee728b)
Start importing Assets/Scripts/InsertValues.cs using Guid(20ad627686f1af1409ef80b4201b893e) Importer(815301076,1909f56bfc062723c751e8b465ee728b)  -> (artifact id: '9d934965eefffb36d0eb5c7b605b388c') in 0.005424 seconds
  Import took 0.008106 seconds .

========================================================================
Received Import Request.
  Time since last request: 2.429473 seconds.
  path: Assets/Scripts/InsertValues.cs
  artifactKey: Guid(20ad627686f1af1409ef80b4201b893e) Importer(815301076,1909f56bfc062723c751e8b465ee728b)
Start importing Assets/Scripts/InsertValues.cs using Guid(20ad627686f1af1409ef80b4201b893e) Importer(815301076,1909f56bfc062723c751e8b465ee728b)  -> (artifact id: '9d934965eefffb36d0eb5c7b605b388c') in 0.002654 seconds
  Import took 0.005448 seconds .

========================================================================
Received Prepare
Registering precompiled user dll's ...
Registered in 0.004450 seconds.
Begin MonoManager ReloadAssembly
Native extension for WindowsStandalone target not found
Native extension for WebGL target not found
Refreshing native plugins compatible for Editor in 0.45 ms, found 2 plugins.
Preloading 0 native plugins for Editor in 0.00 ms.
Mono: successfully reloaded assembly
- Completed reload, in  1.259 seconds
Platform modules already initialized, skipping
Refreshing native plugins compatible for Editor in 0.44 ms, found 2 plugins.
Preloading 0 native plugins for Editor in 0.00 ms.
Unloading 1422 Unused Serialized files (Serialized files now loaded: 0)
System memory in use before: 67.0 MB.
System memory in use after: 67.1 MB.

Unloading 14 unused Assets to reduce memory usage. Loaded Objects now: 1886.
Total: 2.147900 ms (FindLiveObjects: 0.157400 ms CreateObjectMapping: 0.060000 ms MarkObjects: 1.852000 ms  DeleteObjects: 0.076700 ms)

========================================================================
Received Import Request.
  Time since last request: 69.583493 seconds.
  path: Assets/Scripts/InsertValues.cs
  artifactKey: Guid(20ad627686f1af1409ef80b4201b893e) Importer(815301076,1909f56bfc062723c751e8b465ee728b)
Start importing Assets/Scripts/InsertValues.cs using Guid(20ad627686f1af1409ef80b4201b893e) Importer(815301076,1909f56bfc062723c751e8b465ee728b)  -> (artifact id: '4ba92b8ae7a31c03ee5fa0373d932967') in 0.005332 seconds
  Import took 0.008000 seconds .

========================================================================
Received Import Request.
  Time since last request: 2.369879 seconds.
  path: Assets/Scripts/InsertValues.cs
  artifactKey: Guid(20ad627686f1af1409ef80b4201b893e) Importer(815301076,1909f56bfc062723c751e8b465ee728b)
Start importing Assets/Scripts/InsertValues.cs using Guid(20ad627686f1af1409ef80b4201b893e) Importer(815301076,1909f56bfc062723c751e8b465ee728b)  -> (artifact id: '4ba92b8ae7a31c03ee5fa0373d932967') in 0.002518 seconds
  Import took 0.005325 seconds .

========================================================================
Received Prepare
Registering precompiled user dll's ...
Registered in 0.004430 seconds.
Begin MonoManager ReloadAssembly
Native extension for WindowsStandalone target not found
Native extension for WebGL target not found
Refreshing native plugins compatible for Editor in 0.43 ms, found 2 plugins.
Preloading 0 native plugins for Editor in 0.00 ms.
Mono: successfully reloaded assembly
- Completed reload, in  1.206 seconds
Platform modules already initialized, skipping
Refreshing native plugins compatible for Editor in 0.51 ms, found 2 plugins.
Preloading 0 native plugins for Editor in 0.00 ms.
Unloading 1422 Unused Serialized files (Serialized files now loaded: 0)
System memory in use before: 67.0 MB.
System memory in use after: 67.1 MB.

Unloading 14 unused Assets to reduce memory usage. Loaded Objects now: 1889.
Total: 2.287700 ms (FindLiveObjects: 0.155800 ms CreateObjectMapping: 0.063300 ms MarkObjects: 1.985500 ms  DeleteObjects: 0.081400 ms)

========================================================================
Received Import Request.
  Time since last request: 66.393141 seconds.
  path: Assets/Scripts/InsertValues.cs
  artifactKey: Guid(20ad627686f1af1409ef80b4201b893e) Importer(815301076,1909f56bfc062723c751e8b465ee728b)
Start importing Assets/Scripts/InsertValues.cs using Guid(20ad627686f1af1409ef80b4201b893e) Importer(815301076,1909f56bfc062723c751e8b465ee728b)  -> (artifact id: 'd2203be0fbf3f9d6023edebaf442a5c4') in 0.005109 seconds
  Import took 0.007616 seconds .

========================================================================
Received Prepare
Registering precompiled user dll's ...
Registered in 0.004579 seconds.
Begin MonoManager ReloadAssembly
Native extension for WindowsStandalone target not found
Native extension for WebGL target not found
Refreshing native plugins compatible for Editor in 0.42 ms, found 2 plugins.
Preloading 0 native plugins for Editor in 0.00 ms.
Mono: successfully reloaded assembly
- Completed reload, in  1.202 seconds
Platform modules already initialized, skipping
Refreshing native plugins compatible for Editor in 0.41 ms, found 2 plugins.
Preloading 0 native plugins for Editor in 0.00 ms.
Unloading 1422 Unused Serialized files (Serialized files now loaded: 0)
System memory in use before: 67.0 MB.
System memory in use after: 67.1 MB.

Unloading 14 unused Assets to reduce memory usage. Loaded Objects now: 1892.
Total: 2.226500 ms (FindLiveObjects: 0.149500 ms CreateObjectMapping: 0.059100 ms MarkObjects: 1.935200 ms  DeleteObjects: 0.081200 ms)

========================================================================
Received Import Request.
  Time since last request: 34.905264 seconds.
  path: Assets/Scripts/InsertValues.cs
  artifactKey: Guid(20ad627686f1af1409ef80b4201b893e) Importer(815301076,1909f56bfc062723c751e8b465ee728b)
Start importing Assets/Scripts/InsertValues.cs using Guid(20ad627686f1af1409ef80b4201b893e) Importer(815301076,1909f56bfc062723c751e8b465ee728b)  -> (artifact id: '782fd73695b7e66fb9de80573cbdbf2d') in 0.005050 seconds
  Import took 0.007570 seconds .

========================================================================
Received Prepare
Registering precompiled user dll's ...
Registered in 0.004701 seconds.
Begin MonoManager ReloadAssembly
Native extension for WindowsStandalone target not found
Native extension for WebGL target not found
Refreshing native plugins compatible for Editor in 0.42 ms, found 2 plugins.
Preloading 0 native plugins for Editor in 0.00 ms.
Mono: successfully reloaded assembly
- Completed reload, in  1.225 seconds
Platform modules already initialized, skipping
Refreshing native plugins compatible for Editor in 0.44 ms, found 2 plugins.
Preloading 0 native plugins for Editor in 0.00 ms.
Unloading 1422 Unused Serialized files (Serialized files now loaded: 0)
System memory in use before: 67.0 MB.
System memory in use after: 67.1 MB.

Unloading 14 unused Assets to reduce memory usage. Loaded Objects now: 1895.
Total: 2.273300 ms (FindLiveObjects: 0.159900 ms CreateObjectMapping: 0.062300 ms MarkObjects: 1.974900 ms  DeleteObjects: 0.074700 ms)

========================================================================
Received Import Request.
  Time since last request: 131.722892 seconds.
  path: Assets/Scripts/InsertValues.cs
  artifactKey: Guid(20ad627686f1af1409ef80b4201b893e) Importer(815301076,1909f56bfc062723c751e8b465ee728b)
Start importing Assets/Scripts/InsertValues.cs using Guid(20ad627686f1af1409ef80b4201b893e) Importer(815301076,1909f56bfc062723c751e8b465ee728b)  -> (artifact id: '4ac7931f3a548014fab4ca788efa3b8d') in 0.005374 seconds
  Import took 0.007984 seconds .

========================================================================
Received Import Request.
  Time since last request: 2.500364 seconds.
  path: Assets/Scripts/InsertValues.cs
  artifactKey: Guid(20ad627686f1af1409ef80b4201b893e) Importer(815301076,1909f56bfc062723c751e8b465ee728b)
Start importing Assets/Scripts/InsertValues.cs using Guid(20ad627686f1af1409ef80b4201b893e) Importer(815301076,1909f56bfc062723c751e8b465ee728b)  -> (artifact id: '4ac7931f3a548014fab4ca788efa3b8d') in 0.002704 seconds
  Import took 0.005439 seconds .

========================================================================
Received Prepare
Registering precompiled user dll's ...
Registered in 0.004941 seconds.
Begin MonoManager ReloadAssembly
Native extension for WindowsStandalone target not found
Native extension for WebGL target not found
Refreshing native plugins compatible for Editor in 0.45 ms, found 2 plugins.
Preloading 0 native plugins for Editor in 0.00 ms.
Mono: successfully reloaded assembly
- Completed reload, in  1.399 seconds
Platform modules already initialized, skipping
Refreshing native plugins compatible for Editor in 0.44 ms, found 2 plugins.
Preloading 0 native plugins for Editor in 0.00 ms.
Unloading 1422 Unused Serialized files (Serialized files now loaded: 0)
System memory in use before: 67.0 MB.
System memory in use after: 67.1 MB.

Unloading 14 unused Assets to reduce memory usage. Loaded Objects now: 1898.
Total: 2.732400 ms (FindLiveObjects: 0.178700 ms CreateObjectMapping: 0.066000 ms MarkObjects: 2.412500 ms  DeleteObjects: 0.073200 ms)

========================================================================
Received Import Request.
  Time since last request: 33.489925 seconds.
  path: Assets/Scripts/SO/SOEntries.cs
  artifactKey: Guid(bc852f83d4fcf0248a2c2acd5ad8bcc3) Importer(815301076,1909f56bfc062723c751e8b465ee728b)
Start importing Assets/Scripts/SO/SOEntries.cs using Guid(bc852f83d4fcf0248a2c2acd5ad8bcc3) Importer(815301076,1909f56bfc062723c751e8b465ee728b)  -> (artifact id: '180112516b4c2e1aa49fd9bd9d237588') in 0.006569 seconds
  Import took 0.011540 seconds .

========================================================================
Received Import Request.
  Time since last request: 0.005061 seconds.
  path: Assets/Scripts/SO/SOEntries.cs
  artifactKey: Guid(bc852f83d4fcf0248a2c2acd5ad8bcc3) Importer(815301076,1909f56bfc062723c751e8b465ee728b)
Start importing Assets/Scripts/SO/SOEntries.cs using Guid(bc852f83d4fcf0248a2c2acd5ad8bcc3) Importer(815301076,1909f56bfc062723c751e8b465ee728b)  -> (artifact id: '180112516b4c2e1aa49fd9bd9d237588') in 0.003103 seconds
  Import took 0.006063 seconds .

========================================================================
Received Prepare
Registering precompiled user dll's ...
Registered in 0.004496 seconds.
Begin MonoManager ReloadAssembly
Native extension for WindowsStandalone target not found
Native extension for WebGL target not found
Refreshing native plugins compatible for Editor in 0.43 ms, found 2 plugins.
Preloading 0 native plugins for Editor in 0.00 ms.
Mono: successfully reloaded assembly
- Completed reload, in  1.230 seconds
Platform modules already initialized, skipping
Refreshing native plugins compatible for Editor in 0.44 ms, found 2 plugins.
Preloading 0 native plugins for Editor in 0.00 ms.
Unloading 1422 Unused Serialized files (Serialized files now loaded: 0)
System memory in use before: 67.0 MB.
System memory in use after: 67.1 MB.

Unloading 14 unused Assets to reduce memory usage. Loaded Objects now: 1901.
Total: 2.238900 ms (FindLiveObjects: 0.158400 ms CreateObjectMapping: 0.062400 ms MarkObjects: 1.932200 ms  DeleteObjects: 0.084200 ms)

========================================================================
Received Prepare
Registering precompiled user dll's ...
Registered in 0.004242 seconds.
Begin MonoManager ReloadAssembly
Native extension for WindowsStandalone target not found
Native extension for WebGL target not found
Refreshing native plugins compatible for Editor in 0.76 ms, found 2 plugins.
Preloading 0 native plugins for Editor in 0.00 ms.
Mono: successfully reloaded assembly
- Completed reload, in  1.255 seconds
Platform modules already initialized, skipping
Refreshing native plugins compatible for Editor in 0.40 ms, found 2 plugins.
Preloading 0 native plugins for Editor in 0.00 ms.
Unloading 1422 Unused Serialized files (Serialized files now loaded: 0)
System memory in use before: 67.1 MB.
System memory in use after: 67.1 MB.

Unloading 14 unused Assets to reduce memory usage. Loaded Objects now: 1904.
Total: 2.413600 ms (FindLiveObjects: 0.151600 ms CreateObjectMapping: 0.058200 ms MarkObjects: 2.120100 ms  DeleteObjects: 0.082100 ms)

========================================================================
Received Prepare
Registering precompiled user dll's ...
Registered in 0.004874 seconds.
Begin MonoManager ReloadAssembly
Native extension for WindowsStandalone target not found
Native extension for WebGL target not found
Refreshing native plugins compatible for Editor in 0.45 ms, found 2 plugins.
Preloading 0 native plugins for Editor in 0.00 ms.
Mono: successfully reloaded assembly
- Completed reload, in  1.391 seconds
Platform modules already initialized, skipping
Refreshing native plugins compatible for Editor in 0.44 ms, found 2 plugins.
Preloading 0 native plugins for Editor in 0.00 ms.
Unloading 1422 Unused Serialized files (Serialized files now loaded: 0)
System memory in use before: 67.1 MB.
System memory in use after: 67.1 MB.

Unloading 14 unused Assets to reduce memory usage. Loaded Objects now: 1907.
Total: 2.604400 ms (FindLiveObjects: 0.169000 ms CreateObjectMapping: 0.063600 ms MarkObjects: 2.301900 ms  DeleteObjects: 0.067900 ms)

========================================================================
Received Prepare
Registering precompiled user dll's ...
Registered in 0.004394 seconds.
Begin MonoManager ReloadAssembly
Native extension for WindowsStandalone target not found
Native extension for WebGL target not found
Refreshing native plugins compatible for Editor in 0.44 ms, found 2 plugins.
Preloading 0 native plugins for Editor in 0.00 ms.
Mono: successfully reloaded assembly
- Completed reload, in  1.228 seconds
Platform modules already initialized, skipping
Refreshing native plugins compatible for Editor in 0.42 ms, found 2 plugins.
Preloading 0 native plugins for Editor in 0.00 ms.
Unloading 1422 Unused Serialized files (Serialized files now loaded: 0)
System memory in use before: 67.1 MB.
System memory in use after: 67.1 MB.

Unloading 14 unused Assets to reduce memory usage. Loaded Objects now: 1910.
Total: 2.369300 ms (FindLiveObjects: 0.154100 ms CreateObjectMapping: 0.059100 ms MarkObjects: 2.069000 ms  DeleteObjects: 0.085400 ms)

========================================================================
Received Prepare
Registering precompiled user dll's ...
Registered in 0.005326 seconds.
Begin MonoManager ReloadAssembly
Native extension for WindowsStandalone target not found
Native extension for WebGL target not found
Refreshing native plugins compatible for Editor in 0.47 ms, found 2 plugins.
Preloading 0 native plugins for Editor in 0.00 ms.
Mono: successfully reloaded assembly
- Completed reload, in  1.257 seconds
Platform modules already initialized, skipping
Refreshing native plugins compatible for Editor in 0.42 ms, found 2 plugins.
Preloading 0 native plugins for Editor in 0.00 ms.
Unloading 1422 Unused Serialized files (Serialized files now loaded: 0)
System memory in use before: 67.1 MB.
System memory in use after: 67.1 MB.

Unloading 14 unused Assets to reduce memory usage. Loaded Objects now: 1913.
Total: 2.284400 ms (FindLiveObjects: 0.163900 ms CreateObjectMapping: 0.063800 ms MarkObjects: 1.983500 ms  DeleteObjects: 0.071600 ms)

AssetImportWorkerClient::OnTransportError - code=2 error=End of file
